Traceback (most recent call last):
  File "/Library/Frameworks/Python.framework/Versions/3.11/lib/python3.11/site-packages/jupyter_cache/executors/utils.py", line 58, in single_nb_execution
    executenb(
  File "/Library/Frameworks/Python.framework/Versions/3.11/lib/python3.11/site-packages/nbclient/client.py", line 1319, in execute
    return NotebookClient(nb=nb, resources=resources, km=km, **kwargs).execute()
           ^^^^^^^^^^^^^^^^^^^^^^^^^^^^^^^^^^^^^^^^^^^^^^^^^^^^^^^^^^^^^^^^^^^^^
  File "/Library/Frameworks/Python.framework/Versions/3.11/lib/python3.11/site-packages/jupyter_core/utils/__init__.py", line 165, in wrapped
    return loop.run_until_complete(inner)
           ^^^^^^^^^^^^^^^^^^^^^^^^^^^^^^
  File "/Library/Frameworks/Python.framework/Versions/3.11/lib/python3.11/asyncio/base_events.py", line 653, in run_until_complete
    return future.result()
           ^^^^^^^^^^^^^^^
  File "/Library/Frameworks/Python.framework/Versions/3.11/lib/python3.11/site-packages/nbclient/client.py", line 709, in async_execute
    await self.async_execute_cell(
  File "/Library/Frameworks/Python.framework/Versions/3.11/lib/python3.11/site-packages/nbclient/client.py", line 1062, in async_execute_cell
    await self._check_raise_for_error(cell, cell_index, exec_reply)
  File "/Library/Frameworks/Python.framework/Versions/3.11/lib/python3.11/site-packages/nbclient/client.py", line 918, in _check_raise_for_error
    raise CellExecutionError.from_cell_and_msg(cell, exec_reply_content)
nbclient.exceptions.CellExecutionError: An error occurred while executing the following cell:
------------------
from sklearn.tree import DecisionTreeRegressor
from sklearn.ensemble import RandomForestRegressor

tree_reg = DecisionTreeRegressor(random_state=42)
tree_reg.fit(X_train_final, y_train_final)
y_pred_tree = tree_reg.predict(X_test_final)
mse_tree = mean_squared_error(y_test_final, y_pred_tree)

forest_reg = RandomForestRegressor(n_estimators=100, random_state=42)
forest_reg.fit(X_train_final, y_train_final)
y_pred_forest = forest_reg.predict(X_test_final)
mse_forest = mean_squared_error(y_test_final, y_pred_forest)

print("Comparison of MSE:")
print(f"KNN (k={k}): {mse_knn:.4f}")
print(f"Decision Tree: {mse_tree:.4f}")
print(f"Random Forest: {mse_forest:.4f}")
------------------

----- stdout -----
Comparison of MSE:
------------------

[0;31m---------------------------------------------------------------------------[0m
[0;31mNameError[0m                                 Traceback (most recent call last)
Cell [0;32mIn[10], line 15[0m
[1;32m     12[0m mse_forest [38;5;241m=[39m mean_squared_error(y_test_final, y_pred_forest)
[1;32m     14[0m [38;5;28mprint[39m([38;5;124m"[39m[38;5;124mComparison of MSE:[39m[38;5;124m"[39m)
[0;32m---> 15[0m [38;5;28mprint[39m([38;5;124mf[39m[38;5;124m"[39m[38;5;124mKNN (k=[39m[38;5;132;01m{[39;00mk[38;5;132;01m}[39;00m[38;5;124m): [39m[38;5;132;01m{[39;00m[43mmse_knn[49m[38;5;132;01m:[39;00m[38;5;124m.4f[39m[38;5;132;01m}[39;00m[38;5;124m"[39m)
[1;32m     16[0m [38;5;28mprint[39m([38;5;124mf[39m[38;5;124m"[39m[38;5;124mDecision Tree: [39m[38;5;132;01m{[39;00mmse_tree[38;5;132;01m:[39;00m[38;5;124m.4f[39m[38;5;132;01m}[39;00m[38;5;124m"[39m)
[1;32m     17[0m [38;5;28mprint[39m([38;5;124mf[39m[38;5;124m"[39m[38;5;124mRandom Forest: [39m[38;5;132;01m{[39;00mmse_forest[38;5;132;01m:[39;00m[38;5;124m.4f[39m[38;5;132;01m}[39;00m[38;5;124m"[39m)

[0;31mNameError[0m: name 'mse_knn' is not defined

